app/seeds.txt
com.freshfastfood.model.Product: java.lang.String mResponseCode
com.freshfastfood.activity.HomeActivity_ViewBinding: HomeActivity_ViewBinding(com.freshfastfood.activity.HomeActivity,android.view.View)
com.freshfastfood.activity.PopRatesActivity
com.freshfastfood.model.SubcatItem
com.freshfastfood.model.Productinfo
com.freshfastfood.model.ReletedProduct: java.lang.String mResult
com.freshfastfood.model.Noti: java.lang.String title
com.freshfastfood.model.Address: java.lang.String uid
com.freshfastfood.model.Address: java.lang.String id
com.freshfastfood.model.ProductItem: java.lang.String mId
com.freshfastfood.model.CCode: java.lang.String mStatus
com.freshfastfood.model.TimeDatum
com.freshfastfood.model.CatItem: java.lang.String mCatimg
com.freshfastfood.fragment.PlaceOrderFragment_ViewBinding: PlaceOrderFragment_ViewBinding(com.freshfastfood.fragment.PlaceOrderFragment,android.view.View)
com.freshfastfood.activity.CoupunActivity_ViewBinding: CoupunActivity_ViewBinding(com.freshfastfood.activity.CoupunActivity,android.view.View)
com.freshfastfood.activity.RatesActivity: RatesActivity()
com.freshfastfood.model.Price: java.lang.String mProductType
com.freshfastfood.activity.SelectAreaActivity: SelectAreaActivity()
com.freshfastfood.model.ReadNoti: int mRemainNotification
com.freshfastfood.adepter.ReletedItemDaynamicAdp$ViewHolder_ViewBinding: ReletedItemDaynamicAdp$ViewHolder_ViewBinding(com.freshfastfood.adepter.ReletedItemDaynamicAdp$ViewHolder,android.view.View)
com.freshfastfood.model.ResNoti: java.lang.String result
com.freshfastfood.activity.AboutsActivity
com.freshfastfood.model.MyOrder
com.freshfastfood.model.Contry: java.lang.String mResult
com.freshfastfood.activity.TramsAndConditionActivity
com.freshfastfood.activity.ReferlActivity: void onClick(android.view.View)
com.freshfastfood.model.Payment: java.lang.String mResponseMsg
com.freshfastfood.model.SubCategory: java.lang.String mResponseCode
com.freshfastfood.model.User: java.lang.String id
com.freshfastfood.model.ReadNoti
com.freshfastfood.model.ProductItem: java.util.ArrayList mPrice
com.freshfastfood.model.RestResponse: java.lang.String wallet
com.freshfastfood.model.TimeDatum: java.lang.String mId
com.freshfastfood.activity.TramsAndConditionActivity_ViewBinding: TramsAndConditionActivity_ViewBinding(com.freshfastfood.activity.TramsAndConditionActivity,android.view.View)
com.freshfastfood.activity.HomeActivity_ViewBinding
com.freshfastfood.model.Noti: java.lang.String id
com.freshfastfood.model.MainDataHome: java.lang.String currency
com.freshfastfood.model.Contry: java.lang.String mResponseMsg
com.freshfastfood.model.Noti: java.lang.String msg
com.freshfastfood.activity.SelectAreaActivity_ViewBinding: SelectAreaActivity_ViewBinding(com.freshfastfood.activity.SelectAreaActivity,android.view.View)
com.freshfastfood.model.Times: java.lang.String mResponseMsg
com.freshfastfood.model.CCode: java.lang.String mId
com.freshfastfood.model.ResNoti
com.freshfastfood.model.OrderDatum: java.lang.String totalamt
com.freshfastfood.model.Flashsalelist: java.lang.String enddatetime
com.freshfastfood.activity.MyOrderListActivity_ViewBinding: MyOrderListActivity_ViewBinding(com.freshfastfood.activity.MyOrderListActivity,android.view.View)
com.freshfastfood.model.User: java.lang.String pin
com.freshfastfood.model.SubcatItem: java.lang.String mImg
com.freshfastfood.model.Address: java.lang.String status
com.freshfastfood.model.MyOrder: java.lang.String mTimesloat
com.freshfastfood.activity.CoupunActivity: CoupunActivity()
com.freshfastfood.model.Couponlist: java.lang.String mCTMode
com.freshfastfood.utils.AutoScrollViewPager
com.freshfastfood.activity.NotificationDetailsActivity_ViewBinding
com.freshfastfood.model.Coupon: java.lang.String mResult
com.freshfastfood.fragment.CardFragment_ViewBinding: CardFragment_ViewBinding(com.freshfastfood.fragment.CardFragment,android.view.View)
...
com.google.android.material.R$styleable: int AppCompatTheme_textAppearanceListItemSecondary
com.google.android.material.R$color: int abc_tint_edittext
androidx.appcompat.R$attr: int autoSizeTextType
com.kofigyan.stateprogressbar.R$styleable: int Spinner_popupTheme
com.razorpay.c__C_$25: java.lang.String a_$P$
com.google.android.material.card.MaterialCardView: void setCheckedIcon(android.graphics.drawable.Drawable)
com.google.android.material.R$styleable: int Chip_closeIconTint
com.razorpay.R$color: int abc_background_cache_hint_selector_material_dark
androidx.appcompat.R$attr: int elevation
com.google.android.material.R$attr: int closeIcon
com.razorpay.AnalyticsEvent: com.razorpay.AnalyticsEvent AMAZON_PWAIN_CALLBACK_MOBILE_SDK_ERROR
com.google.android.material.R$style: int TextAppearance_AppCompat_Large_Inverse
com.google.android.material.R$id: int mtrl_calendar_selection_frame
com.razorpay.E$_6$: void isWebViewSafe(int,com.razorpay.c__C_$Q_$2$)
androidx.appcompat.resources.R$styleable: int GradientColor_android_endY
com.google.android.material.R$styleable: int CollapsingToolbarLayout_contentScrim
androidx.appcompat.widget.AbsActionBarView: void setVisibility(int)
androidx.appcompat.R$styleable: int AnimatedStateListDrawableTransition_android_toId
com.google.android.gms.internal.measurement.zzbs$zza: com.google.android.gms.internal.measurement.zzbs$zzi zzf
androidx.loader.app.LoaderManagerImpl$LoaderViewModel: LoaderManagerImpl$LoaderViewModel()
io.card.payment.CreditCard: CreditCard()
com.razorpay.R$styleable: int AppCompatTheme_listDividerAlertDialog
com.google.android.material.R$dimen: int mtrl_calendar_pre_l_text_clip_padding
androidx.appcompat.R$styleable: int[] GradientColorItem
com.google.android.gms.ads.identifier.AdvertisingIdClient$Info: boolean zzr
com.kofigyan.stateprogressbar.R$styleable: int SearchView_android_maxWidth
com.google.android.gms.base.R$string: int common_google_play_services_install_text
com.google.android.gms.internal.measurement.zzbk$zzc: com.google.android.gms.internal.measurement.zzbk$zzf zzd
androidx.appcompat.R$style: int ThemeOverlay_AppCompat_Dark
com.razorpay.R$styleable: int AppCompatTheme_textAppearanceSearchResultTitle
androidx.appcompat.resources.R$styleable: int StateListDrawableItem_android_drawable
com.razorpay.c__C_$14: void G__G_()
com.razorpay.H$_a_: void onAnimationStart(android.view.animation.Animation)
com.google.android.material.R$id: int mtrl_calendar_year_selector_frame
com.razorpay.H$_a_: java.lang.String D$_X_
com.razorpay.Y$_o$: void d__1_(int,com.razorpay.c__C_$Q_$2$)
com.razorpay.L__R$: byte[] a_$P$
com.google.android.material.R$style: int Widget_MaterialComponents_AutoCompleteTextView_OutlinedBox_Dense
com.google.android.material.R$style: int TestThemeWithLineHeightDisabled
com.razorpay.t_$J_
com.google.android.material.textfield.TextInputLayout: void setCounterTextColor(android.content.res.ColorStateList)
com.google.android.material.R$style: int RtlUnderlay_Widget_AppCompat_ActionButton_Overflow
com.razorpay.D$_X_: void addJavascriptInterfaceToPrimaryWebview(java.lang.Object,java.lang.String)
com.google.android.material.R$attr: int autoSizeTextType
androidx.constraintlayout.widget.R$styleable: int ConstraintSet_android_maxHeight
com.google.android.material.textfield.TextInputLayout: void setCounterEnabled(boolean)
io.fabric.sdk.android.services.network.HttpMethod: io.fabric.sdk.android.services.network.HttpMethod[] values()
androidx.appcompat.R$styleable: int StateListDrawable_android_visible
androidx.appcompat.R$style: int TextAppearance_AppCompat_Large
com.razorpay.R$styleable: int AppCompatTheme_colorControlNormal
com.razorpay.PluginCheckoutInteractor: void processPayment(java.lang.String)
com.google.android.material.R$attr: int iconTintMode
com.razorpay.CircularProgressView: void R$$r_(android.content.Context)
com.razorpay.AnalyticsEvent: com.razorpay.AnalyticsEvent CUSTOM_UI_UPI_INTENT_APPS_PREFERENCE_PASSED