app/unused.txt
com.freshfastfood.model.Times:
    public void setData(java.util.List)
    public java.lang.String getResponseCode()
    public void setResponseCode(java.lang.String)
    public java.lang.String getResponseMsg()
    public void setResponseMsg(java.lang.String)
    public java.lang.String getResult()
    public void setResult(java.lang.String)
com.freshfastfood.model.PaymentItem:
    public void setCredTitle(java.lang.String)
    public void setCredValue(java.lang.String)
    public java.lang.String getId()
    public void setId(java.lang.String)
    public void setImg(java.lang.String)
    public java.lang.String getStatus()
    public void setStatus(java.lang.String)
    public void setTitle(java.lang.String)
    public void setwShow(java.lang.String)
com.freshfastfood.retrofit.APIClient:
    public void <init>()
    public static final java.lang.String APPEND_URL
com.freshfastfood.activity.VerifyPhoneActivity_ViewBinding:
    public void <init>(com.freshfastfood.activity.VerifyPhoneActivity)
com.freshfastfood.activity.SelectAreaActivity_ViewBinding:
    public void <init>(com.freshfastfood.activity.SelectAreaActivity)
com.freshfastfood.utils.MemoryCache
com.freshfastfood.activity.HomeActivity:
    public android.widget.EditText passThisEditText()
com.freshfastfood.R$interpolator
com.freshfastfood.R$anim
com.freshfastfood.model.LoginUser:
    public int getdCharge()
    public void setdCharge(int)
    public java.lang.String getResponseCode()
    public void setResponseCode(java.lang.String)
    public void setResponseMsg(java.lang.String)
    public void setResult(java.lang.String)
    public void setUser(com.freshfastfood.model.User)
com.freshfastfood.activity.WalletActivity_ViewBinding:
    public void <init>(com.freshfastfood.activity.WalletActivity)
com.freshfastfood.R$drawable
com.freshfastfood.activity.SingActivity_ViewBinding:
    public void <init>(com.freshfastfood.activity.SingActivity)
com.freshfastfood.utils.ImageLoader$PhotosLoader
com.freshfastfood.database.MyCart:
    public java.lang.String getId()
com.freshfastfood.utils.ImageLoader
com.freshfastfood.R$animator
com.freshfastfood.fragment.SubCategoryFragment:
    public static com.freshfastfood.fragment.SubCategoryFragment newInstance()
    public void onLongClickItem(android.view.View,int)
com.freshfastfood.activity.FeedBackActivity_ViewBinding:
    public void <init>(com.freshfastfood.activity.FeedBackActivity)
com.freshfastfood.activity.ProfileActivity:
    public static boolean isEmailValid(java.lang.String)
com.freshfastfood.model.BannerItem:
    public void setCid(java.lang.String)
    public void setBimg(java.lang.String)
    public java.lang.String getId()
    public void setId(java.lang.String)
com.freshfastfood.R$string
com.freshfastfood.fragment.CategoryFragment:
    public static com.freshfastfood.fragment.CategoryFragment newInstance(java.lang.String,java.lang.String)
    public void onLongClickItem(android.view.View,int)
    private static final java.lang.String ARG_PARAM1
    private static final java.lang.String ARG_PARAM2
com.freshfastfood.model.Price:
    public void setProductPrice(java.lang.String)
    public void setProductType(java.lang.String)
com.freshfastfood.fragment.PlaceOrderFragment:
    public static com.freshfastfood.fragment.PlaceOrderFragment newInstance(java.lang.String,java.lang.String)
    private static final java.lang.String ARG_PARAM1
    private static final java.lang.String ARG_PARAM2
com.freshfastfood.model.CatItem:
    public void setCount(java.lang.String)
    public void setCatimg(java.lang.String)
    public void setCatname(java.lang.String)
    public void setId(java.lang.String)
com.freshfastfood.model.DynamicData:
    public void setTitle(java.lang.String)
    public void setDynamicItems(java.util.List)
com.freshfastfood.model.WalletHistry:
    public java.lang.String getResponseCode()
    public java.lang.String getResponseMsg()
...
androidx.constraintlayout.solver.widgets.ChainHead:
    public static boolean isMatchConstraintEqualityCandidate(androidx.constraintlayout.solver.widgets.ConstraintWidget,int)
    public void define()
    public final void defineChainProperties()
com.paypal.android.sdk.dv:
    public static com.paypal.android.sdk.dv a(java.lang.String)
com.google.android.gms.measurement.internal.zzfn:
    public final android.os.Bundle zza(java.lang.String,com.google.android.gms.internal.measurement.zzd)
com.google.firebase.auth.internal.zzp:
    public final long getLastSignInTimestamp()
    public final long getCreationTimestamp()
    public final org.json.JSONObject zza()
com.google.android.gms.internal.measurement.zzct:
    public void <init>(android.net.Uri,java.lang.String,java.lang.String)
    public final com.google.android.gms.internal.measurement.zzcn zza(java.lang.String,long)
    public final com.google.android.gms.internal.measurement.zzcn zza(java.lang.String,boolean)
    public final com.google.android.gms.internal.measurement.zzcn zza(java.lang.String)
    public final com.google.android.gms.internal.measurement.zzcn zza(java.lang.String,java.lang.String)
    public final java.lang.String zza
    public final boolean zze
    public final boolean zzf
    public final boolean zzg
    public final boolean zzh
    public final com.google.android.gms.internal.measurement.zzcx zzi
com.google.android.datatransport.cct.a.zzd:
    public int zzi()
    public java.lang.String zzf()
    public java.lang.String zzd()
    public java.lang.String zzb()
    public java.lang.String zzh()
    public java.lang.String zzg()
    public java.lang.String zze()
    public java.lang.String zzc()
com.google.android.gms.common.api.internal.zabn:
    public final void zab(com.google.android.gms.common.api.internal.zack)
com.google.gson.internal.Excluder:
    public com.google.gson.internal.Excluder clone()
    public boolean excludeField(java.lang.reflect.Field,boolean)
    public boolean excludeClass(java.lang.Class,boolean)
    public final boolean isStatic(java.lang.Class)
    public final boolean isValidSince(com.google.gson.annotations.Since)
    public final boolean isValidUntil(com.google.gson.annotations.Until)
    public boolean requireExpose
com.paypal.android.sdk.de:
    public final java.util.Locale b()
    public final com.paypal.android.sdk.ei d()
    public final java.lang.String a(java.lang.String)
androidx.appcompat.graphics.drawable.DrawableContainer$BlockInvalidateCallback:
    public androidx.appcompat.graphics.drawable.DrawableContainer$BlockInvalidateCallback wrap(android.graphics.drawable.Drawable$Callback)
    public android.graphics.drawable.Drawable$Callback unwrap()
com.onesignal.TrackFirebaseAnalytics:
    public static boolean CanTrack()
    public static java.lang.reflect.Method getInstanceMethod(java.lang.Class)
    public void trackInfluenceOpenEvent()
    public void trackOpenedEvent(com.onesignal.OSNotificationOpenResult)
    public void trackReceivedEvent(com.onesignal.OSNotificationOpenResult)
androidx.appcompat.widget.ActionBarOverlayLayout:
    public boolean isInOverlayMode()
    public androidx.appcompat.widget.ActionBarOverlayLayout$LayoutParams generateDefaultLayoutParams()
    public androidx.appcompat.widget.ActionBarOverlayLayout$LayoutParams generateLayoutParams(android.util.AttributeSet)
    public final androidx.appcompat.widget.DecorToolbar getDecorToolbar(android.view.View)
    public final void postRemoveActionBarHideOffset()
    public final void postAddActionBarHideOffset()
    public final void removeActionBarHideOffset()
    public final void addActionBarHideOffset()
    public final boolean shouldHideActionBarOnFling(float)